Mplus VERSION 8.11 (Mac)
MUTHEN & MUTHEN
11/12/2024   3:40 PM

INPUT INSTRUCTIONS

  TITLE:
  vdori - Orientation to time

  vdlfl1 - Animal naming

  vdlfl2 - Scissors & cactus

  vdlfl3 - President & vice-president

  vdcount - Count backwards from 20

  vdsevens - Serial sevens

  vdwdimm - Immediate word recall

  vdwddel - Delayed word recall

  vdexf7 - Number series

  DATA:
  FILE = "model_final_54f9428d590c9c8a412aeb7b79c75e11.dat";

  VARIABLE:
  NAMES = vdoriz vdlfl1z vdlfl2z vdlfl3z vdwddelz vdexf7z vdsevensz vdcountz id;
   MISSING=.;
   categorical = vdcountz; idvariable = id;
  ANALYSIS:
  estimator = mlr; COVERAGE=0; link=PROBIT;
  MODEL:
  F BY VDORIZ @ 0.0707;
   F BY VDLFL1Z @ 0.0463;
   F BY VDLFL2Z @ 0.0653;
   F BY VDLFL3Z @ 0.136;
   F BY VDWDDELZ @ 0.1156;
   F BY VDEXF7Z @ 0.1392;
   F BY VDSEVENSZ @ 0.2282;
   F BY VDCOUNTZ @ 0.5963;
   [VDORIZ @ 0.9241];
   [VDLFL1Z @ 0.1858];
   [VDLFL2Z @ 0.9552];
   [VDLFL3Z @ 0.8076];
   [VDWDDELZ @ 0.4251];
   [VDEXF7Z @ 0.623];
   [VDSEVENSZ @ 0.6808];
   [VDCOUNTZ$1 @ -1.7419];
   [F@0];
   F@1;
  OUTPUT:
  standardized;
  SAVEDATA:
  H5RESULTS = model_final.h5; save = fscores; file = model_final.dat;



*** WARNING in VARIABLE command
  Note that only the first 8 characters of variable names are used in the output.
  Shorten variable names to avoid any confusion.
*** WARNING
  Data set contains cases with missing on all variables.
  These cases were not included in the analysis.
  Number of cases with missing on all variables:  942
   2 WARNING(S) FOUND IN THE INPUT INSTRUCTIONS




vdori - Orientation to time

vdlfl1 - Animal naming

vdlfl2 - Scissors & cactus

vdlfl3 - President & vice-president

vdcount - Count backwards from 20

vdsevens - Serial sevens

vdwdimm - Immediate word recall

vdwddel - Delayed word recall

vdexf7 - Number series

SUMMARY OF ANALYSIS

Number of groups                                                 1
Number of observations                                       19970

Number of dependent variables                                    8
Number of independent variables                                  0
Number of continuous latent variables                            1

Observed dependent variables

  Continuous
   VDORIZ      VDLFL1Z     VDLFL2Z     VDLFL3Z     VDWDDELZ    VDEXF7Z
   VDSEVENSZ

  Binary and ordered categorical (ordinal)
   VDCOUNTZ

Continuous latent variables
   F

Variables with special functions

  ID variable           ID

Estimator                                                      MLR
Information matrix                                        OBSERVED
Optimization Specifications for the Quasi-Newton Algorithm for
Continuous Outcomes
  Maximum number of iterations                                 100
  Convergence criterion                                  0.100D-05
Optimization Specifications for the EM Algorithm
  Maximum number of iterations                                 500
  Convergence criteria
    Loglikelihood change                                 0.100D-02
    Relative loglikelihood change                        0.100D-05
    Derivative                                           0.100D-02
Optimization Specifications for the M step of the EM Algorithm for
Categorical Latent variables
  Number of M step iterations                                    1
  M step convergence criterion                           0.100D-02
  Basis for M step termination                           ITERATION
Optimization Specifications for the M step of the EM Algorithm for
Censored, Binary or Ordered Categorical (Ordinal), Unordered
Categorical (Nominal) and Count Outcomes
  Number of M step iterations                                    1
  M step convergence criterion                           0.100D-02
  Basis for M step termination                           ITERATION
  Maximum value for logit thresholds                            10
  Minimum value for logit thresholds                           -10
  Minimum expected cell size for chi-square              0.100D-01
Maximum number of iterations for H1                           2000
Convergence criterion for H1                             0.100D-03
Optimization algorithm                                         EMA
Integration Specifications
  Type                                                    STANDARD
  Number of integration points                                  15
  Dimensions of numerical integration                            1
  Adaptive quadrature                                           ON
Link                                                        PROBIT
Cholesky                                                        ON

Input data file(s)
  model_final_54f9428d590c9c8a412aeb7b79c75e11.dat
Input data format  FREE


SUMMARY OF DATA

     Number of missing data patterns            22
     Number of y missing data patterns          13
     Number of u missing data patterns           2


COVARIANCE COVERAGE OF DATA

Minimum covariance coverage value   0.000


     PROPORTION OF DATA PRESENT


           Covariance Coverage
              VDCOUNTZ      VDORIZ        VDLFL1Z       VDLFL2Z       VDLFL3Z
              ________      ________      ________      ________      ________
 VDCOUNTZ       0.997
 VDORIZ         0.684         0.686
 VDLFL1Z        0.677         0.679         0.679
 VDLFL2Z        0.684         0.686         0.679         0.686
 VDLFL3Z        0.684         0.686         0.679         0.686         0.686
 VDWDDELZ       0.994         0.682         0.676         0.682         0.682
 VDEXF7Z        0.893         0.607         0.602         0.607         0.607
 VDSEVENS       0.997         0.686         0.679         0.686         0.686


           Covariance Coverage
              VDWDDELZ      VDEXF7Z       VDSEVENS
              ________      ________      ________
 VDWDDELZ       0.995
 VDEXF7Z        0.892         0.894
 VDSEVENS       0.995         0.894         1.000


     PROPORTION OF DATA PRESENT FOR U


           Covariance Coverage
              VDCOUNTZ
              ________
 VDCOUNTZ       0.997


     PROPORTION OF DATA PRESENT FOR Y


           Covariance Coverage
              VDORIZ        VDLFL1Z       VDLFL2Z       VDLFL3Z       VDWDDELZ
              ________      ________      ________      ________      ________
 VDORIZ         0.686
 VDLFL1Z        0.679         0.679
 VDLFL2Z        0.686         0.679         0.686
 VDLFL3Z        0.686         0.679         0.686         0.686
 VDWDDELZ       0.682         0.676         0.682         0.682         0.995
 VDEXF7Z        0.607         0.602         0.607         0.607         0.892
 VDSEVENS       0.686         0.679         0.686         0.686         0.995


           Covariance Coverage
              VDEXF7Z       VDSEVENS
              ________      ________
 VDEXF7Z        0.894
 VDSEVENS       0.894         1.000


UNIVARIATE PROPORTIONS AND COUNTS FOR CATEGORICAL VARIABLES

    VDCOUNTZ
      Category 1    0.068         1357.000
      Category 2    0.932        18554.000



UNIVARIATE SAMPLE STATISTICS


     UNIVARIATE HIGHER-ORDER MOMENT DESCRIPTIVE STATISTICS

         Variable/         Mean/     Skewness/   Minimum/ % with                Percentiles
        Sample Size      Variance    Kurtosis    Maximum  Min/Max      20%/60%    40%/80%    Median

     VDORIZ                0.920      -2.810       0.000    1.01%       0.750      1.000      1.000
           13700.000       0.030       9.343       1.000   76.57%       1.000      1.000
     VDLFL1Z               0.183       0.600       0.000    0.50%       0.114      0.159      0.182
           13553.000       0.007       2.290       1.000    0.01%       0.205      0.250
     VDLFL2Z               0.951      -3.336       0.000    0.69%       1.000      1.000      1.000
           13700.000       0.025      11.123       1.000   90.96%       1.000      1.000
     VDLFL3Z               0.800      -0.913       0.000    2.74%       0.500      1.000      1.000
           13699.000       0.074      -0.240       1.000   62.67%       1.000      1.000
     VDWDDELZ              0.426      -0.185       0.000    6.32%       0.300      0.400      0.400
           19864.000       0.041      -0.149       1.000    0.31%       0.500      0.600
     VDEXF7Z               0.639      -0.936       0.000    0.89%       0.526      0.623      0.657
           17845.000       0.033       1.838       1.000    2.52%       0.686      0.783
     VDSEVENSZ             0.681      -0.735       0.000    9.24%       0.400      0.600      0.800
           19970.000       0.118      -0.825       1.000   39.55%       0.800      1.000


THE MODEL ESTIMATION TERMINATED NORMALLY



MODEL FIT INFORMATION

Number of Free Parameters                        7

Loglikelihood

          H0 Value                       30026.586
          H0 Scaling Correction Factor      2.5363
            for MLR

Information Criteria

          Akaike (AIC)                  -60039.172
          Bayesian (BIC)                -59983.858
          Sample-Size Adjusted BIC      -60006.104
            (n* = (n + 2) / 24)

Chi-Square Test of Model Fit for the Binary and Ordered Categorical
(Ordinal) Outcomes

          Pearson Chi-Square

          Value                              0.224
          Degrees of Freedom                     1
          P-Value                           0.6362

          Likelihood Ratio Chi-Square

          Value                              0.223
          Degrees of Freedom                     1
          P-Value                           0.6368

Chi-Square Test for MCAR under the Unrestricted Latent Class Indicator Model

          Pearson Chi-Square

          Value                              0.000
          Degrees of Freedom                     0
          P-Value                           1.0000

          Likelihood Ratio Chi-Square

          Value                              0.000
          Degrees of Freedom                     0
          P-Value                           1.0000



MODEL RESULTS

                                                    Two-Tailed
                    Estimate       S.E.  Est./S.E.    P-Value

 F        BY
    VDORIZ             0.071      0.000    999.000    999.000
    VDLFL1Z            0.046      0.000    999.000    999.000
    VDLFL2Z            0.065      0.000    999.000    999.000
    VDLFL3Z            0.136      0.000    999.000    999.000
    VDWDDELZ           0.116      0.000    999.000    999.000
    VDEXF7Z            0.139      0.000    999.000    999.000
    VDSEVENSZ          0.228      0.000    999.000    999.000
    VDCOUNTZ           0.596      0.000    999.000    999.000

 Means
    F                  0.000      0.000    999.000    999.000

 Intercepts
    VDORIZ             0.924      0.000    999.000    999.000
    VDLFL1Z            0.186      0.000    999.000    999.000
    VDLFL2Z            0.955      0.000    999.000    999.000
    VDLFL3Z            0.808      0.000    999.000    999.000
    VDWDDELZ           0.425      0.000    999.000    999.000
    VDEXF7Z            0.623      0.000    999.000    999.000
    VDSEVENSZ          0.681      0.000    999.000    999.000

 Thresholds
    VDCOUNTZ$1        -1.742      0.000    999.000    999.000

 Variances
    F                  1.000      0.000    999.000    999.000

 Residual Variances
    VDORIZ             0.025      0.001     38.144      0.000
    VDLFL1Z            0.004      0.000     40.591      0.000
    VDLFL2Z            0.021      0.001     34.096      0.000
    VDLFL3Z            0.055      0.001     84.160      0.000
    VDWDDELZ           0.028      0.000     83.142      0.000
    VDEXF7Z            0.016      0.000     48.034      0.000
    VDSEVENSZ          0.066      0.001     86.972      0.000


QUALITY OF NUMERICAL RESULTS

     Condition Number for the Information Matrix              0.185E-01
       (ratio of smallest to largest eigenvalue)


RESULTS IN PROBABILITY SCALE

                    Estimate

 VDCOUNTZ
    Category 1         0.067
    Category 2         0.933


STANDARDIZED MODEL RESULTS


STDYX Standardization

                                                    Two-Tailed
                    Estimate       S.E.  Est./S.E.    P-Value

 F        BY
    VDORIZ             0.411      0.004     91.811      0.000
    VDLFL1Z            0.572      0.005    120.580      0.000
    VDLFL2Z            0.411      0.005     82.027      0.000
    VDLFL3Z            0.502      0.002    224.999      0.000
    VDWDDELZ           0.567      0.002    245.156      0.000
    VDEXF7Z            0.735      0.004    209.191      0.000
    VDSEVENSZ          0.665      0.002    311.893      0.000
    VDCOUNTZ           0.512      0.000    999.000    999.000

 Means
    F                  0.000      0.000    999.000    999.000

 Intercepts
    VDORIZ             5.374      0.059     91.811      0.000
    VDLFL1Z            2.294      0.019    120.580      0.000
    VDLFL2Z            6.007      0.073     82.027      0.000
    VDLFL3Z            2.980      0.013    224.999      0.000
    VDWDDELZ           2.086      0.009    245.156      0.000
    VDEXF7Z            3.291      0.016    209.191      0.000
    VDSEVENSZ          1.984      0.006    311.893      0.000

 Thresholds
    VDCOUNTZ$1        -1.496      0.000    999.000    999.000

 Variances
    F                  1.000      0.000    999.000    999.000

 Residual Variances
    VDORIZ             0.831      0.004    225.611      0.000
    VDLFL1Z            0.673      0.005    124.232      0.000
    VDLFL2Z            0.831      0.004    202.157      0.000
    VDLFL3Z            0.748      0.002    334.086      0.000
    VDWDDELZ           0.678      0.003    258.427      0.000
    VDEXF7Z            0.459      0.005     88.826      0.000
    VDSEVENSZ          0.558      0.003    196.636      0.000


STDY Standardization

                                                    Two-Tailed
                    Estimate       S.E.  Est./S.E.    P-Value

 F        BY
    VDORIZ             0.411      0.004     91.811      0.000
    VDLFL1Z            0.572      0.005    120.580      0.000
    VDLFL2Z            0.411      0.005     82.027      0.000
    VDLFL3Z            0.502      0.002    224.999      0.000
    VDWDDELZ           0.567      0.002    245.156      0.000
    VDEXF7Z            0.735      0.004    209.191      0.000
    VDSEVENSZ          0.665      0.002    311.893      0.000
    VDCOUNTZ           0.512      0.000    999.000    999.000

 Means
    F                  0.000      0.000    999.000    999.000

 Intercepts
    VDORIZ             5.374      0.059     91.811      0.000
    VDLFL1Z            2.294      0.019    120.580      0.000
    VDLFL2Z            6.007      0.073     82.027      0.000
    VDLFL3Z            2.980      0.013    224.999      0.000
    VDWDDELZ           2.086      0.009    245.156      0.000
    VDEXF7Z            3.291      0.016    209.191      0.000
    VDSEVENSZ          1.984      0.006    311.893      0.000

 Thresholds
    VDCOUNTZ$1        -1.496      0.000    999.000    999.000

 Variances
    F                  1.000      0.000    999.000    999.000

 Residual Variances
    VDORIZ             0.831      0.004    225.611      0.000
    VDLFL1Z            0.673      0.005    124.232      0.000
    VDLFL2Z            0.831      0.004    202.157      0.000
    VDLFL3Z            0.748      0.002    334.086      0.000
    VDWDDELZ           0.678      0.003    258.427      0.000
    VDEXF7Z            0.459      0.005     88.826      0.000
    VDSEVENSZ          0.558      0.003    196.636      0.000


STD Standardization

                                                    Two-Tailed
                    Estimate       S.E.  Est./S.E.    P-Value

 F        BY
    VDORIZ             0.071      0.000    999.000    999.000
    VDLFL1Z            0.046      0.000    999.000    999.000
    VDLFL2Z            0.065      0.000    999.000    999.000
    VDLFL3Z            0.136      0.000    999.000    999.000
    VDWDDELZ           0.116      0.000    999.000    999.000
    VDEXF7Z            0.139      0.000    999.000    999.000
    VDSEVENSZ          0.228      0.000    999.000    999.000
    VDCOUNTZ           0.596      0.000    999.000    999.000

 Means
    F                  0.000      0.000    999.000    999.000

 Intercepts
    VDORIZ             0.924      0.000    999.000    999.000
    VDLFL1Z            0.186      0.000    999.000    999.000
    VDLFL2Z            0.955      0.000    999.000    999.000
    VDLFL3Z            0.808      0.000    999.000    999.000
    VDWDDELZ           0.425      0.000    999.000    999.000
    VDEXF7Z            0.623      0.000    999.000    999.000
    VDSEVENSZ          0.681      0.000    999.000    999.000

 Thresholds
    VDCOUNTZ$1        -1.742      0.000    999.000    999.000

 Variances
    F                  1.000      0.000    999.000    999.000

 Residual Variances
    VDORIZ             0.025      0.001     38.144      0.000
    VDLFL1Z            0.004      0.000     40.591      0.000
    VDLFL2Z            0.021      0.001     34.096      0.000
    VDLFL3Z            0.055      0.001     84.160      0.000
    VDWDDELZ           0.028      0.000     83.142      0.000
    VDEXF7Z            0.016      0.000     48.034      0.000
    VDSEVENSZ          0.066      0.001     86.972      0.000


R-SQUARE

    Observed                                        Two-Tailed
    Variable        Estimate       S.E.  Est./S.E.    P-Value

    VDCOUNTZ           0.262      0.000    999.000    999.000
    VDORIZ             0.169      0.004     45.905      0.000
    VDLFL1Z            0.327      0.005     60.290      0.000
    VDLFL2Z            0.169      0.004     41.013      0.000
    VDLFL3Z            0.252      0.002    112.499      0.000
    VDWDDELZ           0.322      0.003    122.578      0.000
    VDEXF7Z            0.541      0.005    104.596      0.000
    VDSEVENS           0.442      0.003    155.946      0.000


SAMPLE STATISTICS FOR ESTIMATED FACTOR SCORES


     SAMPLE STATISTICS


           Means
              F             F_SE
              ________      ________
                0.000         0.491


           Covariances
              F             F_SE
              ________      ________
 F              0.757
 F_SE          -0.003         0.002


           Correlations
              F             F_SE
              ________      ________
 F              1.000
 F_SE          -0.072         1.000


SAVEDATA INFORMATION


  Save file
    model_final.dat

  Order and format of variables

    VDCOUNTZ       F10.3
    VDORIZ         F10.3
    VDLFL1Z        F10.3
    VDLFL2Z        F10.3
    VDLFL3Z        F10.3
    VDWDDELZ       F10.3
    VDEXF7Z        F10.3
    VDSEVENS       F10.3
    F              F10.3
    F_SE           F10.3
    ID             I6

  Save file format
    10F10.3 I6

  Save file record length    10000

  Save missing symbol        *


  Results in H5 Format

  Save file
    model_final.h5

  List of results saved

    Summary of Analysis
    Model Fit Information
    Model Results
    Results in Probability Scale
    Standardized Model Results
    R-Square

     Beginning Time:  15:40:10
        Ending Time:  15:40:37
       Elapsed Time:  00:00:27



MUTHEN & MUTHEN
3463 Stoner Ave.
Los Angeles, CA  90066

Tel: (310) 391-9971
Fax: (310) 391-8971
Web: www.StatModel.com
Support: Support@StatModel.com

Copyright (c) 1998-2024 Muthen & Muthen
