Mplus VERSION 8.11 (Mac)
MUTHEN & MUTHEN
11/12/2024   3:40 PM

INPUT INSTRUCTIONS

  TITLE:
  vdori - Orientation to time

  vdlfl1 - Animal naming

  vdlfl2 - Scissors & cactus

  vdlfl3 - President & vice-president

  vdcount - Count backwards from 20

  vdsevens - Serial sevens

  vdwdimm - Immediate word recall

  vdwddel - Delayed word recall

  vdexf7 - Number series

  DATA:
  FILE = "model2_54f9428d590c9c8a412aeb7b79c75e11.dat";

  VARIABLE:
  NAMES = vdoriz vdlfl1z vdlfl2z vdlfl3z vdwddelz vdexf7z vdsevensz vdcountz id;
   MISSING=.;
   categorical = vdcountz; idvariable = id;
  ANALYSIS:
  estimator = wlsmv; COVERAGE=0; PARAMETERIZATION = THETA;
  MODEL:
  f by vdoriz* vdlfl1z vdlfl2z vdlfl3z vdwddelz vdexf7z vdsevensz vdcountz;
    f @1;
  OUTPUT:
  standardized;
  SAVEDATA:
  H5RESULTS = model2.h5;



*** WARNING in VARIABLE command
  Note that only the first 8 characters of variable names are used in the output.
  Shorten variable names to avoid any confusion.
*** WARNING
  Data set contains cases with missing on all variables.
  These cases were not included in the analysis.
  Number of cases with missing on all variables:  942
   2 WARNING(S) FOUND IN THE INPUT INSTRUCTIONS




vdori - Orientation to time

vdlfl1 - Animal naming

vdlfl2 - Scissors & cactus

vdlfl3 - President & vice-president

vdcount - Count backwards from 20

vdsevens - Serial sevens

vdwdimm - Immediate word recall

vdwddel - Delayed word recall

vdexf7 - Number series

SUMMARY OF ANALYSIS

Number of groups                                                 1
Number of observations                                       19970

Number of dependent variables                                    8
Number of independent variables                                  0
Number of continuous latent variables                            1

Observed dependent variables

  Continuous
   VDORIZ      VDLFL1Z     VDLFL2Z     VDLFL3Z     VDWDDELZ    VDEXF7Z
   VDSEVENSZ

  Binary and ordered categorical (ordinal)
   VDCOUNTZ

Continuous latent variables
   F

Variables with special functions

  ID variable           ID

Estimator                                                    WLSMV
Maximum number of iterations                                  1000
Convergence criterion                                    0.500D-04
Maximum number of steepest descent iterations                   20
Maximum number of iterations for H1                           2000
Convergence criterion for H1                             0.100D-03
Parameterization                                             THETA
Link                                                        PROBIT

Input data file(s)
  model2_54f9428d590c9c8a412aeb7b79c75e11.dat

Input data format  FREE


SUMMARY OF DATA

     Number of missing data patterns            22


COVARIANCE COVERAGE OF DATA

Minimum covariance coverage value   0.000


     PROPORTION OF DATA PRESENT


           Covariance Coverage
              VDORIZ        VDLFL1Z       VDLFL2Z       VDLFL3Z       VDWDDELZ
              ________      ________      ________      ________      ________
 VDORIZ         0.686
 VDLFL1Z        0.679         0.679
 VDLFL2Z        0.686         0.679         0.686
 VDLFL3Z        0.686         0.679         0.686         0.686
 VDWDDELZ       0.682         0.676         0.682         0.682         0.995
 VDEXF7Z        0.607         0.602         0.607         0.607         0.892
 VDSEVENS       0.686         0.679         0.686         0.686         0.995
 VDCOUNTZ       0.684         0.677         0.684         0.684         0.994


           Covariance Coverage
              VDEXF7Z       VDSEVENS      VDCOUNTZ
              ________      ________      ________
 VDEXF7Z        0.894
 VDSEVENS       0.894         1.000
 VDCOUNTZ       0.893         0.997         0.997


UNIVARIATE PROPORTIONS AND COUNTS FOR CATEGORICAL VARIABLES

    VDCOUNTZ
      Category 1    0.068         1357.000
      Category 2    0.932        18554.000



UNIVARIATE SAMPLE STATISTICS


     UNIVARIATE HIGHER-ORDER MOMENT DESCRIPTIVE STATISTICS

         Variable/         Mean/     Skewness/   Minimum/ % with                Percentiles
        Sample Size      Variance    Kurtosis    Maximum  Min/Max      20%/60%    40%/80%    Median

     VDORIZ                0.920      -2.810       0.000    1.01%       0.750      1.000      1.000
           13700.000       0.030       9.343       1.000   76.57%       1.000      1.000
     VDLFL1Z               0.183       0.600       0.000    0.50%       0.114      0.159      0.182
           13553.000       0.007       2.290       1.000    0.01%       0.205      0.250
     VDLFL2Z               0.951      -3.336       0.000    0.69%       1.000      1.000      1.000
           13700.000       0.025      11.123       1.000   90.96%       1.000      1.000
     VDLFL3Z               0.800      -0.913       0.000    2.74%       0.500      1.000      1.000
           13699.000       0.074      -0.240       1.000   62.67%       1.000      1.000
     VDWDDELZ              0.426      -0.185       0.000    6.32%       0.300      0.400      0.400
           19864.000       0.041      -0.149       1.000    0.31%       0.500      0.600
     VDEXF7Z               0.639      -0.936       0.000    0.89%       0.526      0.623      0.657
           17845.000       0.033       1.838       1.000    2.52%       0.686      0.783
     VDSEVENSZ             0.681      -0.735       0.000    9.24%       0.400      0.600      0.800
           19970.000       0.118      -0.825       1.000   39.55%       0.800      1.000


THE MODEL ESTIMATION TERMINATED NORMALLY



MODEL FIT INFORMATION

Number of Free Parameters                       23

Chi-Square Test of Model Fit

          Value                           1017.586*
          Degrees of Freedom                    20
          P-Value                           0.0000

*   The chi-square value for MLM, MLMV, MLR, ULSMV, WLSM and WLSMV cannot be used
    for chi-square difference testing in the regular way.  MLM, MLR and WLSM
    chi-square difference testing is described on the Mplus website.  MLMV, WLSMV,
    and ULSMV difference testing is done using the DIFFTEST option.

RMSEA (Root Mean Square Error Of Approximation)

          Estimate                           0.050
          90 Percent C.I.                    0.047  0.053
          Probability RMSEA <= .05           0.499

CFI/TLI

          CFI                                0.954
          TLI                                0.936

Chi-Square Test of Model Fit for the Baseline Model

          Value                          21694.755
          Degrees of Freedom                    28
          P-Value                           0.0000

SRMR (Standardized Root Mean Square Residual)

          Value                              0.030

Optimum Function Value for Weighted Least-Squares Estimator

          Value                     0.13122607D-01



MODEL RESULTS

                                                    Two-Tailed
                    Estimate       S.E.  Est./S.E.    P-Value

 F        BY
    VDORIZ             0.072      0.001     52.154      0.000
    VDLFL1Z            0.048      0.001     82.003      0.000
    VDLFL2Z            0.066      0.001     48.723      0.000
    VDLFL3Z            0.140      0.003     49.035      0.000
    VDWDDELZ           0.123      0.002     81.051      0.000
    VDEXF7Z            0.112      0.001     89.547      0.000
    VDSEVENSZ          0.219      0.004     60.669      0.000
    VDCOUNTZ           0.637      0.022     29.242      0.000

 Intercepts
    VDORIZ             0.920      0.003    344.492      0.000
    VDLFL1Z            0.183      0.001    252.085      0.000
    VDLFL2Z            0.951      0.003    272.501      0.000
    VDLFL3Z            0.800      0.003    250.029      0.000
    VDWDDELZ           0.426      0.001    292.199      0.000
    VDEXF7Z            0.639      0.002    413.385      0.000
    VDSEVENSZ          0.681      0.003    206.115      0.000

 Thresholds
    VDCOUNTZ$1        -1.766      0.022    -79.595      0.000

 Variances
    F                  1.000      0.000    999.000    999.000

 Residual Variances
    VDORIZ             0.024      0.000     95.794      0.000
    VDLFL1Z            0.004      0.000     84.953      0.000
    VDLFL2Z            0.021      0.000     83.451      0.000
    VDLFL3Z            0.054      0.001     63.315      0.000
    VDWDDELZ           0.026      0.000     80.927      0.000
    VDEXF7Z            0.020      0.000     80.312      0.000
    VDSEVENSZ          0.070      0.001     68.385      0.000


QUALITY OF NUMERICAL RESULTS

     Condition Number for the Information Matrix              0.624E-05
       (ratio of smallest to largest eigenvalue)


STANDARDIZED MODEL RESULTS


STDYX Standardization

                                                    Two-Tailed
                    Estimate       S.E.  Est./S.E.    P-Value

 F        BY
    VDORIZ             0.419      0.007     56.878      0.000
    VDLFL1Z            0.588      0.006     97.754      0.000
    VDLFL2Z            0.416      0.007     56.329      0.000
    VDLFL3Z            0.516      0.008     68.335      0.000
    VDWDDELZ           0.604      0.006    104.969      0.000
    VDEXF7Z            0.617      0.006    108.098      0.000
    VDSEVENSZ          0.639      0.006    104.122      0.000
    VDCOUNTZ           0.537      0.013     41.108      0.000

 Intercepts
    VDORIZ             5.341      0.014    369.667      0.000
    VDLFL1Z            2.262      0.015    149.952      0.000
    VDLFL2Z            5.973      0.018    329.995      0.000
    VDLFL3Z            2.945      0.020    147.563      0.000
    VDWDDELZ           2.093      0.012    170.199      0.000
    VDEXF7Z            3.522      0.014    260.640      0.000
    VDSEVENSZ          1.984      0.013    150.767      0.000

 Thresholds
    VDCOUNTZ$1        -1.490      0.014   -109.711      0.000

 Variances
    F                  1.000      0.000    999.000    999.000

 Residual Variances
    VDORIZ             0.825      0.006    133.669      0.000
    VDLFL1Z            0.654      0.007     92.485      0.000
    VDLFL2Z            0.827      0.006    134.413      0.000
    VDLFL3Z            0.734      0.008     94.315      0.000
    VDWDDELZ           0.636      0.007     91.581      0.000
    VDEXF7Z            0.620      0.007     88.048      0.000
    VDSEVENSZ          0.591      0.008     75.243      0.000


STDY Standardization

                                                    Two-Tailed
                    Estimate       S.E.  Est./S.E.    P-Value

 F        BY
    VDORIZ             0.419      0.007     56.878      0.000
    VDLFL1Z            0.588      0.006     97.754      0.000
    VDLFL2Z            0.416      0.007     56.329      0.000
    VDLFL3Z            0.516      0.008     68.335      0.000
    VDWDDELZ           0.604      0.006    104.969      0.000
    VDEXF7Z            0.617      0.006    108.098      0.000
    VDSEVENSZ          0.639      0.006    104.122      0.000
    VDCOUNTZ           0.537      0.013     41.108      0.000

 Intercepts
    VDORIZ             5.341      0.014    369.667      0.000
    VDLFL1Z            2.262      0.015    149.952      0.000
    VDLFL2Z            5.973      0.018    329.995      0.000
    VDLFL3Z            2.945      0.020    147.563      0.000
    VDWDDELZ           2.093      0.012    170.199      0.000
    VDEXF7Z            3.522      0.014    260.640      0.000
    VDSEVENSZ          1.984      0.013    150.767      0.000

 Thresholds
    VDCOUNTZ$1        -1.490      0.014   -109.711      0.000

 Variances
    F                  1.000      0.000    999.000    999.000

 Residual Variances
    VDORIZ             0.825      0.006    133.669      0.000
    VDLFL1Z            0.654      0.007     92.485      0.000
    VDLFL2Z            0.827      0.006    134.413      0.000
    VDLFL3Z            0.734      0.008     94.315      0.000
    VDWDDELZ           0.636      0.007     91.581      0.000
    VDEXF7Z            0.620      0.007     88.048      0.000
    VDSEVENSZ          0.591      0.008     75.243      0.000


STD Standardization

                                                    Two-Tailed
                    Estimate       S.E.  Est./S.E.    P-Value

 F        BY
    VDORIZ             0.072      0.001     52.154      0.000
    VDLFL1Z            0.048      0.001     82.003      0.000
    VDLFL2Z            0.066      0.001     48.723      0.000
    VDLFL3Z            0.140      0.003     49.035      0.000
    VDWDDELZ           0.123      0.002     81.051      0.000
    VDEXF7Z            0.112      0.001     89.547      0.000
    VDSEVENSZ          0.219      0.004     60.669      0.000
    VDCOUNTZ           0.637      0.022     29.242      0.000

 Intercepts
    VDORIZ             0.920      0.003    344.492      0.000
    VDLFL1Z            0.183      0.001    252.085      0.000
    VDLFL2Z            0.951      0.003    272.501      0.000
    VDLFL3Z            0.800      0.003    250.029      0.000
    VDWDDELZ           0.426      0.001    292.199      0.000
    VDEXF7Z            0.639      0.002    413.385      0.000
    VDSEVENSZ          0.681      0.003    206.115      0.000

 Thresholds
    VDCOUNTZ$1        -1.766      0.022    -79.595      0.000

 Variances
    F                  1.000      0.000    999.000    999.000

 Residual Variances
    VDORIZ             0.024      0.000     95.794      0.000
    VDLFL1Z            0.004      0.000     84.953      0.000
    VDLFL2Z            0.021      0.000     83.451      0.000
    VDLFL3Z            0.054      0.001     63.315      0.000
    VDWDDELZ           0.026      0.000     80.927      0.000
    VDEXF7Z            0.020      0.000     80.312      0.000
    VDSEVENSZ          0.070      0.001     68.385      0.000


R-SQUARE

    Observed                                        Two-Tailed     Scale
    Variable        Estimate       S.E.  Est./S.E.    P-Value     Factors

    VDORIZ             0.175      0.006     28.439      0.000
    VDLFL1Z            0.346      0.007     48.877      0.000
    VDLFL2Z            0.173      0.006     28.164      0.000
    VDLFL3Z            0.266      0.008     34.168      0.000
    VDWDDELZ           0.364      0.007     52.484      0.000
    VDEXF7Z            0.380      0.007     54.049      0.000
    VDSEVENS           0.409      0.008     52.061      0.000
    VDCOUNTZ           0.289      0.014     20.554      0.000      0.843


SAVEDATA INFORMATION


  Results in H5 Format

  Save file
    model2.h5

  List of results saved

    Summary of Analysis
    Model Fit Information
    Model Results
    Standardized Model Results
    R-Square

     Beginning Time:  15:40:02
        Ending Time:  15:40:03
       Elapsed Time:  00:00:01



MUTHEN & MUTHEN
3463 Stoner Ave.
Los Angeles, CA  90066

Tel: (310) 391-9971
Fax: (310) 391-8971
Web: www.StatModel.com
Support: Support@StatModel.com

Copyright (c) 1998-2024 Muthen & Muthen
