Mplus VERSION 8.11 (Mac)
MUTHEN & MUTHEN
11/12/2024   3:40 PM

INPUT INSTRUCTIONS

  TITLE:
  vdori - Orientation to time

  vdlfl1 - Animal naming

  vdlfl2 - Scissors & cactus

  vdlfl3 - President & vice-president

  vdcount - Count backwards from 20

  vdsevens - Serial sevens

  vdwdimm - Immediate word recall

  vdwddel - Delayed word recall

  vdexf7 - Number series

  DATA:
  FILE = "model1_22839636207aae42b3a1b9612bc92723.dat";

  VARIABLE:
  NAMES = vdoriz vdlfl1z vdlfl2z vdlfl3z vdwdimmz vdwddelz vdexf7z vdsevensz vdcountz
       id;
   MISSING=.;
   categorical = vdcountz; idvariable = id;
  ANALYSIS:
  estimator = wlsmv; COVERAGE=0; PARAMETERIZATION = THETA;
  MODEL:
  f by vdoriz* vdlfl1z vdlfl2z vdlfl3z vdwdimmz vdwddelz vdexf7z vdsevensz vdcountz;
    f @1;
  OUTPUT:
  standardized;
  SAVEDATA:
  H5RESULTS = model1.h5;



*** WARNING in VARIABLE command
  Note that only the first 8 characters of variable names are used in the output.
  Shorten variable names to avoid any confusion.
*** WARNING
  Data set contains cases with missing on all variables.
  These cases were not included in the analysis.
  Number of cases with missing on all variables:  942
   2 WARNING(S) FOUND IN THE INPUT INSTRUCTIONS




vdori - Orientation to time

vdlfl1 - Animal naming

vdlfl2 - Scissors & cactus

vdlfl3 - President & vice-president

vdcount - Count backwards from 20

vdsevens - Serial sevens

vdwdimm - Immediate word recall

vdwddel - Delayed word recall

vdexf7 - Number series

SUMMARY OF ANALYSIS

Number of groups                                                 1
Number of observations                                       19970

Number of dependent variables                                    9
Number of independent variables                                  0
Number of continuous latent variables                            1

Observed dependent variables

  Continuous
   VDORIZ      VDLFL1Z     VDLFL2Z     VDLFL3Z     VDWDIMMZ    VDWDDELZ
   VDEXF7Z     VDSEVENSZ

  Binary and ordered categorical (ordinal)
   VDCOUNTZ

Continuous latent variables
   F

Variables with special functions

  ID variable           ID

Estimator                                                    WLSMV
Maximum number of iterations                                  1000
Convergence criterion                                    0.500D-04
Maximum number of steepest descent iterations                   20
Maximum number of iterations for H1                           2000
Convergence criterion for H1                             0.100D-03
Parameterization                                             THETA
Link                                                        PROBIT

Input data file(s)
  model1_22839636207aae42b3a1b9612bc92723.dat

Input data format  FREE


SUMMARY OF DATA

     Number of missing data patterns            23


COVARIANCE COVERAGE OF DATA

Minimum covariance coverage value   0.000


     PROPORTION OF DATA PRESENT


           Covariance Coverage
              VDORIZ        VDLFL1Z       VDLFL2Z       VDLFL3Z       VDWDIMMZ
              ________      ________      ________      ________      ________
 VDORIZ         0.686
 VDLFL1Z        0.679         0.679
 VDLFL2Z        0.686         0.679         0.686
 VDLFL3Z        0.686         0.679         0.686         0.686
 VDWDIMMZ       0.682         0.676         0.682         0.682         0.995
 VDWDDELZ       0.682         0.676         0.682         0.682         0.995
 VDEXF7Z        0.607         0.602         0.607         0.607         0.892
 VDSEVENS       0.686         0.679         0.686         0.686         0.995
 VDCOUNTZ       0.684         0.677         0.684         0.684         0.994


           Covariance Coverage
              VDWDDELZ      VDEXF7Z       VDSEVENS      VDCOUNTZ
              ________      ________      ________      ________
 VDWDDELZ       0.995
 VDEXF7Z        0.892         0.894
 VDSEVENS       0.995         0.894         1.000
 VDCOUNTZ       0.994         0.893         0.997         0.997


UNIVARIATE PROPORTIONS AND COUNTS FOR CATEGORICAL VARIABLES

    VDCOUNTZ
      Category 1    0.068         1357.000
      Category 2    0.932        18554.000



UNIVARIATE SAMPLE STATISTICS


     UNIVARIATE HIGHER-ORDER MOMENT DESCRIPTIVE STATISTICS

         Variable/         Mean/     Skewness/   Minimum/ % with                Percentiles
        Sample Size      Variance    Kurtosis    Maximum  Min/Max      20%/60%    40%/80%    Median

     VDORIZ                0.920      -2.810       0.000    1.01%       0.750      1.000      1.000
           13700.000       0.030       9.343       1.000   76.57%       1.000      1.000
     VDLFL1Z               0.183       0.600       0.000    0.50%       0.114      0.159      0.182
           13553.000       0.007       2.290       1.000    0.01%       0.205      0.250
     VDLFL2Z               0.951      -3.336       0.000    0.69%       1.000      1.000      1.000
           13700.000       0.025      11.123       1.000   90.96%       1.000      1.000
     VDLFL3Z               0.800      -0.913       0.000    2.74%       0.500      1.000      1.000
           13699.000       0.074      -0.240       1.000   62.67%       1.000      1.000
     VDWDIMMZ              0.534      -0.209       0.000    0.91%       0.400      0.500      0.500
           19865.000       0.029       0.333       1.000    0.55%       0.600      0.700
     VDWDDELZ              0.426      -0.185       0.000    6.32%       0.300      0.400      0.400
           19864.000       0.041      -0.149       1.000    0.31%       0.500      0.600
     VDEXF7Z               0.639      -0.936       0.000    0.89%       0.526      0.623      0.657
           17845.000       0.033       1.838       1.000    2.52%       0.686      0.783
     VDSEVENSZ             0.681      -0.735       0.000    9.24%       0.400      0.600      0.800
           19970.000       0.118      -0.825       1.000   39.55%       0.800      1.000


THE MODEL ESTIMATION TERMINATED NORMALLY



MODEL FIT INFORMATION

Number of Free Parameters                       26

Chi-Square Test of Model Fit

          Value                           3762.462*
          Degrees of Freedom                    27
          P-Value                           0.0000

*   The chi-square value for MLM, MLMV, MLR, ULSMV, WLSM and WLSMV cannot be used
    for chi-square difference testing in the regular way.  MLM, MLR and WLSM
    chi-square difference testing is described on the Mplus website.  MLMV, WLSMV,
    and ULSMV difference testing is done using the DIFFTEST option.

RMSEA (Root Mean Square Error Of Approximation)

          Estimate                           0.083
          90 Percent C.I.                    0.081  0.085
          Probability RMSEA <= .05           0.000

CFI/TLI

          CFI                                0.878
          TLI                                0.837

Chi-Square Test of Model Fit for the Baseline Model

          Value                          30641.743
          Degrees of Freedom                    36
          P-Value                           0.0000

SRMR (Standardized Root Mean Square Residual)

          Value                              0.052

Optimum Function Value for Weighted Least-Squares Estimator

          Value                     0.47537407D-01



MODEL RESULTS

                                                    Two-Tailed
                    Estimate       S.E.  Est./S.E.    P-Value

 F        BY
    VDORIZ             0.072      0.001     52.420      0.000
    VDLFL1Z            0.047      0.001     86.647      0.000
    VDLFL2Z            0.064      0.001     47.924      0.000
    VDLFL3Z            0.133      0.003     48.058      0.000
    VDWDIMMZ           0.123      0.001    112.757      0.000
    VDWDDELZ           0.145      0.001    101.460      0.000
    VDEXF7Z            0.104      0.001     88.898      0.000
    VDSEVENSZ          0.204      0.003     58.936      0.000
    VDCOUNTZ           0.599      0.020     29.939      0.000

 Intercepts
    VDORIZ             0.920      0.003    344.493      0.000
    VDLFL1Z            0.183      0.001    252.085      0.000
    VDLFL2Z            0.951      0.003    272.500      0.000
    VDLFL3Z            0.800      0.003    250.029      0.000
    VDWDIMMZ           0.534      0.001    437.513      0.000
    VDWDDELZ           0.426      0.001    292.199      0.000
    VDEXF7Z            0.639      0.002    413.385      0.000
    VDSEVENSZ          0.681      0.003    206.115      0.000

 Thresholds
    VDCOUNTZ$1        -1.737      0.021    -84.410      0.000

 Variances
    F                  1.000      0.000    999.000    999.000

 Residual Variances
    VDORIZ             0.025      0.000     97.100      0.000
    VDLFL1Z            0.004      0.000     93.141      0.000
    VDLFL2Z            0.021      0.000     84.133      0.000
    VDLFL3Z            0.056      0.001     63.494      0.000
    VDWDIMMZ           0.014      0.000     76.972      0.000
    VDWDDELZ           0.020      0.000     79.122      0.000
    VDEXF7Z            0.022      0.000     94.305      0.000
    VDSEVENSZ          0.076      0.001     69.572      0.000


QUALITY OF NUMERICAL RESULTS

     Condition Number for the Information Matrix              0.805E-05
       (ratio of smallest to largest eigenvalue)


STANDARDIZED MODEL RESULTS


STDYX Standardization

                                                    Two-Tailed
                    Estimate       S.E.  Est./S.E.    P-Value

 F        BY
    VDORIZ             0.416      0.007     57.305      0.000
    VDLFL1Z            0.580      0.005    105.930      0.000
    VDLFL2Z            0.404      0.007     55.196      0.000
    VDLFL3Z            0.492      0.007     66.133      0.000
    VDWDIMMZ           0.720      0.004    165.965      0.000
    VDWDDELZ           0.712      0.005    157.852      0.000
    VDEXF7Z            0.573      0.005    108.567      0.000
    VDSEVENSZ          0.595      0.006     98.574      0.000
    VDCOUNTZ           0.514      0.013     40.687      0.000

 Intercepts
    VDORIZ             5.341      0.014    369.666      0.000
    VDLFL1Z            2.262      0.015    149.952      0.000
    VDLFL2Z            5.973      0.018    329.995      0.000
    VDLFL3Z            2.945      0.020    147.563      0.000
    VDWDIMMZ           3.134      0.015    202.921      0.000
    VDWDDELZ           2.093      0.012    170.199      0.000
    VDEXF7Z            3.522      0.014    260.640      0.000
    VDSEVENSZ          1.984      0.013    150.766      0.000

 Thresholds
    VDCOUNTZ$1        -1.490      0.014   -109.711      0.000

 Variances
    F                  1.000      0.000    999.000    999.000

 Residual Variances
    VDORIZ             0.827      0.006    137.067      0.000
    VDLFL1Z            0.664      0.006    104.582      0.000
    VDLFL2Z            0.837      0.006    141.782      0.000
    VDLFL3Z            0.758      0.007    103.806      0.000
    VDWDIMMZ           0.481      0.006     77.040      0.000
    VDWDDELZ           0.493      0.006     76.874      0.000
    VDEXF7Z            0.671      0.006    110.854      0.000
    VDSEVENSZ          0.646      0.007     89.981      0.000


STDY Standardization

                                                    Two-Tailed
                    Estimate       S.E.  Est./S.E.    P-Value

 F        BY
    VDORIZ             0.416      0.007     57.305      0.000
    VDLFL1Z            0.580      0.005    105.930      0.000
    VDLFL2Z            0.404      0.007     55.196      0.000
    VDLFL3Z            0.492      0.007     66.133      0.000
    VDWDIMMZ           0.720      0.004    165.965      0.000
    VDWDDELZ           0.712      0.005    157.852      0.000
    VDEXF7Z            0.573      0.005    108.567      0.000
    VDSEVENSZ          0.595      0.006     98.574      0.000
    VDCOUNTZ           0.514      0.013     40.687      0.000

 Intercepts
    VDORIZ             5.341      0.014    369.666      0.000
    VDLFL1Z            2.262      0.015    149.952      0.000
    VDLFL2Z            5.973      0.018    329.995      0.000
    VDLFL3Z            2.945      0.020    147.563      0.000
    VDWDIMMZ           3.134      0.015    202.921      0.000
    VDWDDELZ           2.093      0.012    170.199      0.000
    VDEXF7Z            3.522      0.014    260.640      0.000
    VDSEVENSZ          1.984      0.013    150.766      0.000

 Thresholds
    VDCOUNTZ$1        -1.490      0.014   -109.711      0.000

 Variances
    F                  1.000      0.000    999.000    999.000

 Residual Variances
    VDORIZ             0.827      0.006    137.067      0.000
    VDLFL1Z            0.664      0.006    104.582      0.000
    VDLFL2Z            0.837      0.006    141.782      0.000
    VDLFL3Z            0.758      0.007    103.806      0.000
    VDWDIMMZ           0.481      0.006     77.040      0.000
    VDWDDELZ           0.493      0.006     76.874      0.000
    VDEXF7Z            0.671      0.006    110.854      0.000
    VDSEVENSZ          0.646      0.007     89.981      0.000


STD Standardization

                                                    Two-Tailed
                    Estimate       S.E.  Est./S.E.    P-Value

 F        BY
    VDORIZ             0.072      0.001     52.420      0.000
    VDLFL1Z            0.047      0.001     86.647      0.000
    VDLFL2Z            0.064      0.001     47.924      0.000
    VDLFL3Z            0.133      0.003     48.058      0.000
    VDWDIMMZ           0.123      0.001    112.757      0.000
    VDWDDELZ           0.145      0.001    101.460      0.000
    VDEXF7Z            0.104      0.001     88.898      0.000
    VDSEVENSZ          0.204      0.003     58.936      0.000
    VDCOUNTZ           0.599      0.020     29.939      0.000

 Intercepts
    VDORIZ             0.920      0.003    344.493      0.000
    VDLFL1Z            0.183      0.001    252.085      0.000
    VDLFL2Z            0.951      0.003    272.500      0.000
    VDLFL3Z            0.800      0.003    250.029      0.000
    VDWDIMMZ           0.534      0.001    437.513      0.000
    VDWDDELZ           0.426      0.001    292.199      0.000
    VDEXF7Z            0.639      0.002    413.385      0.000
    VDSEVENSZ          0.681      0.003    206.115      0.000

 Thresholds
    VDCOUNTZ$1        -1.737      0.021    -84.410      0.000

 Variances
    F                  1.000      0.000    999.000    999.000

 Residual Variances
    VDORIZ             0.025      0.000     97.100      0.000
    VDLFL1Z            0.004      0.000     93.141      0.000
    VDLFL2Z            0.021      0.000     84.133      0.000
    VDLFL3Z            0.056      0.001     63.494      0.000
    VDWDIMMZ           0.014      0.000     76.972      0.000
    VDWDDELZ           0.020      0.000     79.122      0.000
    VDEXF7Z            0.022      0.000     94.305      0.000
    VDSEVENSZ          0.076      0.001     69.572      0.000


R-SQUARE

    Observed                                        Two-Tailed     Scale
    Variable        Estimate       S.E.  Est./S.E.    P-Value     Factors

    VDORIZ             0.173      0.006     28.653      0.000
    VDLFL1Z            0.336      0.006     52.965      0.000
    VDLFL2Z            0.163      0.006     27.598      0.000
    VDLFL3Z            0.242      0.007     33.067      0.000
    VDWDIMMZ           0.519      0.006     82.982      0.000
    VDWDDELZ           0.507      0.006     78.926      0.000
    VDEXF7Z            0.329      0.006     54.284      0.000
    VDSEVENS           0.354      0.007     49.287      0.000
    VDCOUNTZ           0.264      0.013     20.343      0.000      0.858


SAVEDATA INFORMATION


  Results in H5 Format

  Save file
    model1.h5

  List of results saved

    Summary of Analysis
    Model Fit Information
    Model Results
    Standardized Model Results
    R-Square

     Beginning Time:  15:40:01
        Ending Time:  15:40:02
       Elapsed Time:  00:00:01



MUTHEN & MUTHEN
3463 Stoner Ave.
Los Angeles, CA  90066

Tel: (310) 391-9971
Fax: (310) 391-8971
Web: www.StatModel.com
Support: Support@StatModel.com

Copyright (c) 1998-2024 Muthen & Muthen
