Mplus VERSION 8.11 (Mac)
MUTHEN & MUTHEN
04/17/2026   4:05 PM

INPUT INSTRUCTIONS

  TITLE:
  vdori - Orientation to time

  vdlfl1 - Animal naming

  vdlfl2 - Scissors & cactus

  vdlfl3 - President & vice-president

  vdcount - Count backwards from 20

  vdsevens - Serial sevens

  vdwdimm - Immediate word recall

  vdwddel - Delayed word recall

  vdexf7 - Number series

  DATA:
  FILE = "model1_a46efea7995301c55172365a036401e3.dat";

  VARIABLE:
  NAMES = mplusid HCAP16WGTR0 STRATUM SECU_mplus vdori vdlfl1z vdlfl2 vdlfl3 vdwddelz
       vdexf7z vdsevens vdcount;
   MISSING=.;
   categorical = vdori  vdlfl2 vdlfl3 vdsevens vdcount; idvariable = mplusid;
  weight = HCAP16WGTR0; stratification = STRATUM; cluster = SECU_mplus;
  ANALYSIS:
  estimator = wlsmv; COVERAGE=0; PARAMETERIZATION = THETA;
  TYPE = complex;
  MODEL:
  f by vdori* vdlfl1z vdlfl2 vdlfl3 vdwddelz vdexf7z vdsevens vdcount;
    f @1;
  OUTPUT:
  standardized;
  SAVEDATA:
  H5RESULTS = model1.h5;



*** WARNING
  One or more observations has a value of 0 for the WEIGHT variable.  Consider using the
  SUBPOPULATION option to restrict the analysis to observations with a positive weight.
*** WARNING
  Data set contains cases with missing on all variables.
  These cases were not included in the analysis.
  Number of cases with missing on all variables:  571
   2 WARNING(S) FOUND IN THE INPUT INSTRUCTIONS




vdori - Orientation to time

vdlfl1 - Animal naming

vdlfl2 - Scissors & cactus

vdlfl3 - President & vice-president

vdcount - Count backwards from 20

vdsevens - Serial sevens

vdwdimm - Immediate word recall

vdwddel - Delayed word recall

vdexf7 - Number series

SUMMARY OF ANALYSIS

Number of groups                                                 1
Number of observations                                        9218

Number of dependent variables                                    8
Number of independent variables                                  0
Number of continuous latent variables                            1

Observed dependent variables

  Continuous
   VDLFL1Z     VDWDDELZ    VDEXF7Z

  Binary and ordered categorical (ordinal)
   VDORI       VDLFL2      VDLFL3      VDSEVENS    VDCOUNT

Continuous latent variables
   F

Variables with special functions

  Stratification        STRATUM
  Cluster variable      SECU_MPL
  Weight variable       HCAP16WG
  ID variable           MPLUSID

Estimator                                                    WLSMV
Maximum number of iterations                                  1000
Convergence criterion                                    0.500D-04
Maximum number of steepest descent iterations                   20
Maximum number of iterations for H1                           2000
Convergence criterion for H1                             0.100D-03
Parameterization                                             THETA
Link                                                        PROBIT

Input data file(s)
  model1_a46efea7995301c55172365a036401e3.dat

Input data format  FREE


SUMMARY OF DATA

     Number of missing data patterns            17
     Number of strata                           64
     Number of clusters                        121


COVARIANCE COVERAGE OF DATA

Minimum covariance coverage value   0.000


     PROPORTION OF DATA PRESENT


           Covariance Coverage
              VDORI         VDLFL1Z       VDLFL2        VDLFL3        VDWDDELZ
              ________      ________      ________      ________      ________
 VDORI          0.997
 VDLFL1Z        0.990         0.990
 VDLFL2         0.997         0.990         0.997
 VDLFL3         0.997         0.990         0.997         0.997
 VDWDDELZ       0.990         0.984         0.990         0.990         0.993
 VDEXF7Z        0.857         0.853         0.857         0.857         0.856
 VDSEVENS       0.997         0.990         0.997         0.997         0.993
 VDCOUNT        0.993         0.987         0.993         0.993         0.991


           Covariance Coverage
              VDEXF7Z       VDSEVENS      VDCOUNT
              ________      ________      ________
 VDEXF7Z        0.859
 VDSEVENS       0.859         1.000
 VDCOUNT        0.859         0.996         0.996


UNIVARIATE PROPORTIONS AND COUNTS FOR CATEGORICAL VARIABLES

    VDORI
      Category 1    0.011           98.657
      Category 2    0.012          106.193
      Category 3    0.032          288.336
      Category 4    0.183         1668.849
      Category 5    0.763         6954.134
    VDLFL2
      Category 1    0.006           54.133
      Category 2    0.065          588.727
      Category 3    0.929         8473.310
    VDLFL3
      Category 1    0.027          249.741
      Category 2    0.279         2547.375
      Category 3    0.693         6319.054
    VDSEVENS
      Category 1    0.080          738.758
      Category 2    0.098          898.942
      Category 3    0.078          714.554
      Category 4    0.118         1087.479
      Category 5    0.182         1676.473
      Category 6    0.445         4101.794
    VDCOUNT
      Category 1    0.065          595.761
      Category 2    0.935         8608.106



UNIVARIATE SAMPLE STATISTICS


     UNIVARIATE HIGHER-ORDER MOMENT DESCRIPTIVE STATISTICS

         Variable/         Mean/     Skewness/   Minimum/ % with                Percentiles
        Sample Size      Variance    Kurtosis    Maximum  Min/Max      20%/60%    40%/80%    Median

     VDLFL1Z               0.179       1.241       0.000    0.50%       0.102      0.148      0.159
            9126.000       0.007       8.805       1.000    0.02%       0.182      0.227
     VDWDDELZ              0.418      -0.187       0.000    8.90%       0.200      0.400      0.400
            9154.000       0.043      -0.360       1.000    0.14%       0.500      0.600
     VDEXF7Z               0.645      -1.039       0.000    1.30%       0.526      0.600      0.623
            7921.000       0.032       2.099       1.000    1.77%       0.680      0.731


     WARNING:  THE VARIANCE CONTRIBUTION FROM A STRATUM WITH A SINGLE CLUSTER
     (PSU) IS BASED ON THE DIFFERENCE BETWEEN THE SINGLE CLUSTER VALUE AND
     THE OVERALL CLUSTER MEAN.


THE MODEL ESTIMATION TERMINATED NORMALLY



MODEL FIT INFORMATION

Number of Free Parameters                       28

Chi-Square Test of Model Fit

          Value                            248.494*
          Degrees of Freedom                    20
          P-Value                           0.0000

*   The chi-square value for MLM, MLMV, MLR, ULSMV, WLSM and WLSMV cannot be used
    for chi-square difference testing in the regular way.  MLM, MLR and WLSM
    chi-square difference testing is described on the Mplus website.  MLMV, WLSMV,
    and ULSMV difference testing is done using the DIFFTEST option.

RMSEA (Root Mean Square Error Of Approximation)

          Estimate                           0.035
          90 Percent C.I.                    0.031  0.039
          Probability RMSEA <= .05           1.000

CFI/TLI

          CFI                                0.966
          TLI                                0.952

Chi-Square Test of Model Fit for the Baseline Model

          Value                           6669.240
          Degrees of Freedom                    28
          P-Value                           0.0000

SRMR (Standardized Root Mean Square Residual)

          Value                              0.047

Optimum Function Value for Weighted Least-Squares Estimator

          Value                     0.94845537D-02



MODEL RESULTS

                                                    Two-Tailed
                    Estimate       S.E.  Est./S.E.    P-Value

 F        BY
    VDORI              0.603      0.041     14.567      0.000
    VDLFL1Z            0.051      0.001     47.510      0.000
    VDLFL2             1.527      0.167      9.166      0.000
    VDLFL3             0.827      0.053     15.550      0.000
    VDWDDELZ           0.133      0.004     33.924      0.000
    VDEXF7Z            0.111      0.003     35.651      0.000
    VDSEVENS           0.744      0.020     37.160      0.000
    VDCOUNT            0.679      0.065     10.428      0.000

 Intercepts
    VDLFL1Z            0.179      0.002     82.194      0.000
    VDWDDELZ           0.418      0.005     76.767      0.000
    VDEXF7Z            0.645      0.006    105.442      0.000

 Thresholds
    VDORI$1           -2.683      0.094    -28.621      0.000
    VDORI$2           -2.342      0.072    -32.316      0.000
    VDORI$3           -1.876      0.056    -33.235      0.000
    VDORI$4           -0.836      0.040    -20.706      0.000
    VDLFL2$1          -4.593      0.366    -12.559      0.000
    VDLFL2$2          -2.687      0.213    -12.592      0.000
    VDLFL3$1          -2.492      0.094    -26.534      0.000
    VDLFL3$2          -0.655      0.042    -15.630      0.000
    VDSEVENS$1        -1.750      0.051    -34.437      0.000
    VDSEVENS$2        -1.152      0.046    -25.117      0.000
    VDSEVENS$3        -0.821      0.041    -19.993      0.000
    VDSEVENS$4        -0.403      0.038    -10.500      0.000
    VDSEVENS$5         0.172      0.038      4.573      0.000
    VDCOUNT$1         -1.833      0.079    -23.179      0.000

 Variances
    F                  1.000      0.000    999.000    999.000

 Residual Variances
    VDLFL1Z            0.004      0.000     43.242      0.000
    VDWDDELZ           0.025      0.001     28.122      0.000
    VDEXF7Z            0.020      0.001     34.322      0.000


QUALITY OF NUMERICAL RESULTS

     Condition Number for the Information Matrix              0.200E-06
       (ratio of smallest to largest eigenvalue)


STANDARDIZED MODEL RESULTS


STDYX Standardization

                                                    Two-Tailed
                    Estimate       S.E.  Est./S.E.    P-Value

 F        BY
    VDORI              0.517      0.026     19.869      0.000
    VDLFL1Z            0.631      0.011     56.938      0.000
    VDLFL2             0.837      0.027     30.544      0.000
    VDLFL3             0.637      0.024     26.185      0.000
    VDWDDELZ           0.641      0.012     51.453      0.000
    VDEXF7Z            0.618      0.011     53.905      0.000
    VDSEVENS           0.597      0.010     57.735      0.000
    VDCOUNT            0.562      0.037     15.238      0.000

 Intercepts
    VDLFL1Z            2.206      0.036     60.887      0.000
    VDWDDELZ           2.011      0.040     50.234      0.000
    VDEXF7Z            3.593      0.050     71.969      0.000

 Thresholds
    VDORI$1           -2.297      0.069    -33.156      0.000
    VDORI$2           -2.005      0.054    -36.803      0.000
    VDORI$3           -1.606      0.039    -40.913      0.000
    VDORI$4           -0.715      0.027    -26.142      0.000
    VDLFL2$1          -2.516      0.103    -24.367      0.000
    VDLFL2$2          -1.472      0.034    -42.885      0.000
    VDLFL3$1          -1.920      0.063    -30.513      0.000
    VDLFL3$2          -0.505      0.030    -16.737      0.000
    VDSEVENS$1        -1.404      0.042    -33.442      0.000
    VDSEVENS$2        -0.924      0.037    -25.216      0.000
    VDSEVENS$3        -0.658      0.032    -20.291      0.000
    VDSEVENS$4        -0.324      0.031    -10.484      0.000
    VDSEVENS$5         0.138      0.030      4.573      0.000
    VDCOUNT$1         -1.516      0.041    -37.278      0.000

 Variances
    F                  1.000      0.000    999.000    999.000

 Residual Variances
    VDLFL1Z            0.602      0.014     43.006      0.000
    VDWDDELZ           0.589      0.016     36.914      0.000
    VDEXF7Z            0.618      0.014     43.529      0.000


STDY Standardization

                                                    Two-Tailed
                    Estimate       S.E.  Est./S.E.    P-Value

 F        BY
    VDORI              0.517      0.026     19.869      0.000
    VDLFL1Z            0.631      0.011     56.938      0.000
    VDLFL2             0.837      0.027     30.544      0.000
    VDLFL3             0.637      0.024     26.185      0.000
    VDWDDELZ           0.641      0.012     51.453      0.000
    VDEXF7Z            0.618      0.011     53.905      0.000
    VDSEVENS           0.597      0.010     57.735      0.000
    VDCOUNT            0.562      0.037     15.238      0.000

 Intercepts
    VDLFL1Z            2.206      0.036     60.887      0.000
    VDWDDELZ           2.011      0.040     50.234      0.000
    VDEXF7Z            3.593      0.050     71.969      0.000

 Thresholds
    VDORI$1           -2.297      0.069    -33.156      0.000
    VDORI$2           -2.005      0.054    -36.803      0.000
    VDORI$3           -1.606      0.039    -40.913      0.000
    VDORI$4           -0.715      0.027    -26.142      0.000
    VDLFL2$1          -2.516      0.103    -24.367      0.000
    VDLFL2$2          -1.472      0.034    -42.885      0.000
    VDLFL3$1          -1.920      0.063    -30.513      0.000
    VDLFL3$2          -0.505      0.030    -16.737      0.000
    VDSEVENS$1        -1.404      0.042    -33.442      0.000
    VDSEVENS$2        -0.924      0.037    -25.216      0.000
    VDSEVENS$3        -0.658      0.032    -20.291      0.000
    VDSEVENS$4        -0.324      0.031    -10.484      0.000
    VDSEVENS$5         0.138      0.030      4.573      0.000
    VDCOUNT$1         -1.516      0.041    -37.278      0.000

 Variances
    F                  1.000      0.000    999.000    999.000

 Residual Variances
    VDLFL1Z            0.602      0.014     43.006      0.000
    VDWDDELZ           0.589      0.016     36.914      0.000
    VDEXF7Z            0.618      0.014     43.529      0.000


STD Standardization

                                                    Two-Tailed
                    Estimate       S.E.  Est./S.E.    P-Value

 F        BY
    VDORI              0.603      0.041     14.567      0.000
    VDLFL1Z            0.051      0.001     47.510      0.000
    VDLFL2             1.527      0.167      9.166      0.000
    VDLFL3             0.827      0.053     15.550      0.000
    VDWDDELZ           0.133      0.004     33.924      0.000
    VDEXF7Z            0.111      0.003     35.651      0.000
    VDSEVENS           0.744      0.020     37.160      0.000
    VDCOUNT            0.679      0.065     10.428      0.000

 Intercepts
    VDLFL1Z            0.179      0.002     82.194      0.000
    VDWDDELZ           0.418      0.005     76.767      0.000
    VDEXF7Z            0.645      0.006    105.442      0.000

 Thresholds
    VDORI$1           -2.683      0.094    -28.621      0.000
    VDORI$2           -2.342      0.072    -32.316      0.000
    VDORI$3           -1.876      0.056    -33.235      0.000
    VDORI$4           -0.836      0.040    -20.706      0.000
    VDLFL2$1          -4.593      0.366    -12.559      0.000
    VDLFL2$2          -2.687      0.213    -12.592      0.000
    VDLFL3$1          -2.492      0.094    -26.534      0.000
    VDLFL3$2          -0.655      0.042    -15.630      0.000
    VDSEVENS$1        -1.750      0.051    -34.437      0.000
    VDSEVENS$2        -1.152      0.046    -25.117      0.000
    VDSEVENS$3        -0.821      0.041    -19.993      0.000
    VDSEVENS$4        -0.403      0.038    -10.500      0.000
    VDSEVENS$5         0.172      0.038      4.573      0.000
    VDCOUNT$1         -1.833      0.079    -23.179      0.000

 Variances
    F                  1.000      0.000    999.000    999.000

 Residual Variances
    VDLFL1Z            0.004      0.000     43.242      0.000
    VDWDDELZ           0.025      0.001     28.122      0.000
    VDEXF7Z            0.020      0.001     34.322      0.000


R-SQUARE

    Observed                                        Two-Tailed     Scale
    Variable        Estimate       S.E.  Est./S.E.    P-Value     Factors

    VDORI              0.267      0.027      9.934      0.000      0.856
    VDLFL1Z            0.398      0.014     28.469      0.000
    VDLFL2             0.700      0.046     15.272      0.000      0.548
    VDLFL3             0.406      0.031     13.092      0.000      0.771
    VDWDDELZ           0.411      0.016     25.726      0.000
    VDEXF7Z            0.382      0.014     26.953      0.000
    VDSEVENS           0.356      0.012     28.867      0.000      0.802
    VDCOUNT            0.316      0.041      7.619      0.000      0.827


SAVEDATA INFORMATION


  Results in H5 Format

  Save file
    model1.h5

  List of results saved

    Summary of Analysis
    Model Fit Information
    Model Results
    Standardized Model Results
    R-Square

     Beginning Time:  16:05:19
        Ending Time:  16:05:19
       Elapsed Time:  00:00:00



MUTHEN & MUTHEN
3463 Stoner Ave.
Los Angeles, CA  90066

Tel: (310) 391-9971
Fax: (310) 391-8971
Web: www.StatModel.com
Support: Support@StatModel.com

Copyright (c) 1998-2024 Muthen & Muthen
